# JRE version: Java(TM) SE Runtime Environment (8.0_131-b11) (build 1.8.0_131-b11)
# Java VM: Java HotSpot(TM) 64-Bit Server VM (25.131-b11 mixed mode windows-amd64 compressed oops)
Heap:
 PSYoungGen      total 297472K, used 71060K [0x00000000e0000000, 0x00000000f4b80000, 0x0000000100000000)
  eden space 278528K, 18% used [0x00000000e0000000,0x00000000e32e7d70,0x00000000f1000000)
  from space 18944K, 99% used [0x00000000f2a80000,0x00000000f3cfd310,0x00000000f3d00000)
  to   space 27136K, 0% used [0x00000000f1000000,0x00000000f1000000,0x00000000f2a80000)
 ParOldGen       total 153088K, used 113327K [0x00000000a0000000, 0x00000000a9580000, 0x00000000e0000000)
  object space 153088K, 74% used [0x00000000a0000000,0x00000000a6eabfc0,0x00000000a9580000)
 Metaspace       used 79221K, capacity 82234K, committed 82944K, reserved 1120256K
  class space    used 10697K, capacity 11300K, committed 11520K, reserved 1048576K
GC Heap History (10 events):
Event: 40.348 GC heap before
{Heap before GC invocations=40 (full 4):
 PSYoungGen      total 218112K, used 202598K [0x00000000e0000000, 0x00000000f0100000, 0x0000000100000000)
  eden space 195072K, 100% used [0x00000000e0000000,0x00000000ebe80000,0x00000000ebe80000)
  from space 23040K, 32% used [0x00000000ebe80000,0x00000000ec5d9ba0,0x00000000ed500000)
  to   space 22016K, 0% used [0x00000000eeb80000,0x00000000eeb80000,0x00000000f0100000)
 ParOldGen       total 153088K, used 81887K [0x00000000a0000000, 0x00000000a9580000, 0x00000000e0000000)
  object space 153088K, 53% used [0x00000000a0000000,0x00000000a4ff7c28,0x00000000a9580000)
 Metaspace       used 78178K, capacity 81088K, committed 82176K, reserved 1120256K
  class space    used 10597K, capacity 11205K, committed 11520K, reserved 1048576K
Event: 40.391 GC heap after
Heap after GC invocations=40 (full 4):
 PSYoungGen      total 242176K, used 6624K [0x00000000e0000000, 0x00000000f0500000, 0x0000000100000000)
  eden space 220160K, 0% used [0x00000000e0000000,0x00000000e0000000,0x00000000ed700000)
  from space 22016K, 30% used [0x00000000eeb80000,0x00000000ef1f8010,0x00000000f0100000)
  to   space 20992K, 0% used [0x00000000ed700000,0x00000000ed700000,0x00000000eeb80000)
 ParOldGen       total 153088K, used 86015K [0x00000000a0000000, 0x00000000a9580000, 0x00000000e0000000)
  object space 153088K, 56% used [0x00000000a0000000,0x00000000a53fffc8,0x00000000a9580000)
 Metaspace       used 78178K, capacity 81088K, committed 82176K, reserved 1120256K
  class space    used 10597K, capacity 11205K, committed 11520K, reserved 1048576K
}
Event: 40.818 GC heap before
{Heap before GC invocations=41 (full 4):
 PSYoungGen      total 242176K, used 226784K [0x00000000e0000000, 0x00000000f0500000, 0x0000000100000000)
  eden space 220160K, 100% used [0x00000000e0000000,0x00000000ed700000,0x00000000ed700000)
  from space 22016K, 30% used [0x00000000eeb80000,0x00000000ef1f8010,0x00000000f0100000)
  to   space 20992K, 0% used [0x00000000ed700000,0x00000000ed700000,0x00000000eeb80000)
 ParOldGen       total 153088K, used 86015K [0x00000000a0000000, 0x00000000a9580000, 0x00000000e0000000)
  object space 153088K, 56% used [0x00000000a0000000,0x00000000a53fffc8,0x00000000a9580000)
 Metaspace       used 78262K, capacity 81158K, committed 82176K, reserved 1120256K
  class space    used 10608K, capacity 11206K, committed 11520K, reserved 1048576K
Event: 40.831 GC heap after
Heap after GC invocations=41 (full 4):
 PSYoungGen      total 241152K, used 4384K [0x00000000e0000000, 0x00000000f1f00000, 0x0000000100000000)
  eden space 220160K, 0% used [0x00000000e0000000,0x00000000e0000000,0x00000000ed700000)
  from space 20992K, 20% used [0x00000000ed700000,0x00000000edb48020,0x00000000eeb80000)
  to   space 20480K, 0% used [0x00000000f0b00000,0x00000000f0b00000,0x00000000f1f00000)
 ParOldGen       total 153088K, used 91651K [0x00000000a0000000, 0x00000000a9580000, 0x00000000e0000000)
  object space 153088K, 59% used [0x00000000a0000000,0x00000000a5980cf0,0x00000000a9580000)
 Metaspace       used 78262K, capacity 81158K, committed 82176K, reserved 1120256K
  class space    used 10608K, capacity 11206K, committed 11520K, reserved 1048576K
}
Event: 41.194 GC heap before
{Heap before GC invocations=42 (full 4):
 PSYoungGen      total 241152K, used 224544K [0x00000000e0000000, 0x00000000f1f00000, 0x0000000100000000)
  eden space 220160K, 100% used [0x00000000e0000000,0x00000000ed700000,0x00000000ed700000)
  from space 20992K, 20% used [0x00000000ed700000,0x00000000edb48020,0x00000000eeb80000)
  to   space 20480K, 0% used [0x00000000f0b00000,0x00000000f0b00000,0x00000000f1f00000)
 ParOldGen       total 153088K, used 91651K [0x00000000a0000000, 0x00000000a9580000, 0x00000000e0000000)
  object space 153088K, 59% used [0x00000000a0000000,0x00000000a5980cf0,0x00000000a9580000)
 Metaspace       used 78274K, capacity 81158K, committed 82176K, reserved 1120256K
  class space    used 10608K, capacity 11206K, committed 11520K, reserved 1048576K
Event: 41.204 GC heap after
Heap after GC invocations=42 (full 4):
 PSYoungGen      total 270336K, used 3936K [0x00000000e0000000, 0x00000000f1d00000, 0x0000000100000000)
  eden space 251904K, 0% used [0x00000000e0000000,0x00000000e0000000,0x00000000ef600000)
  from space 18432K, 21% used [0x00000000f0b00000,0x00000000f0ed8010,0x00000000f1d00000)
  to   space 19968K, 0% used [0x00000000ef600000,0x00000000ef600000,0x00000000f0980000)
 ParOldGen       total 153088K, used 95612K [0x00000000a0000000, 0x00000000a9580000, 0x00000000e0000000)
  object space 153088K, 62% used [0x00000000a0000000,0x00000000a5d5f0f0,0x00000000a9580000)
 Metaspace       used 78274K, capacity 81158K, committed 82176K, reserved 1120256K
  class space    used 10608K, capacity 11206K, committed 11520K, reserved 1048576K
}
Event: 41.603 GC heap before
{Heap before GC invocations=43 (full 4):
 PSYoungGen      total 270336K, used 255840K [0x00000000e0000000, 0x00000000f1d00000, 0x0000000100000000)
  eden space 251904K, 100% used [0x00000000e0000000,0x00000000ef600000,0x00000000ef600000)
  from space 18432K, 21% used [0x00000000f0b00000,0x00000000f0ed8010,0x00000000f1d00000)
  to   space 19968K, 0% used [0x00000000ef600000,0x00000000ef600000,0x00000000f0980000)
 ParOldGen       total 153088K, used 95612K [0x00000000a0000000, 0x00000000a9580000, 0x00000000e0000000)
  object space 153088K, 62% used [0x00000000a0000000,0x00000000a5d5f0f0,0x00000000a9580000)
 Metaspace       used 78280K, capacity 81158K, committed 82176K, reserved 1120256K
  class space    used 10608K, capacity 11206K, committed 11520K, reserved 1048576K
Event: 41.615 GC heap after
Heap after GC invocations=43 (full 4):
 PSYoungGen      total 271872K, used 4832K [0x00000000e0000000, 0x00000000f3d00000, 0x0000000100000000)
  eden space 251904K, 0% used [0x00000000e0000000,0x00000000e0000000,0x00000000ef600000)
  from space 19968K, 24% used [0x00000000ef600000,0x00000000efab8000,0x00000000f0980000)
  to   space 18944K, 0% used [0x00000000f2a80000,0x00000000f2a80000,0x00000000f3d00000)
 ParOldGen       total 153088K, used 99396K [0x00000000a0000000, 0x00000000a9580000, 0x00000000e0000000)
  object space 153088K, 64% used [0x00000000a0000000,0x00000000a6111110,0x00000000a9580000)
 Metaspace       used 78280K, capacity 81158K, committed 82176K, reserved 1120256K
  class space    used 10608K, capacity 11206K, committed 11520K, reserved 1048576K
}
Event: 43.517 GC heap before
{Heap before GC invocations=44 (full 4):
 PSYoungGen      total 271872K, used 256736K [0x00000000e0000000, 0x00000000f3d00000, 0x0000000100000000)
  eden space 251904K, 100% used [0x00000000e0000000,0x00000000ef600000,0x00000000ef600000)
  from space 19968K, 24% used [0x00000000ef600000,0x00000000efab8000,0x00000000f0980000)
  to   space 18944K, 0% used [0x00000000f2a80000,0x00000000f2a80000,0x00000000f3d00000)
 ParOldGen       total 153088K, used 99396K [0x00000000a0000000, 0x00000000a9580000, 0x00000000e0000000)
  object space 153088K, 64% used [0x00000000a0000000,0x00000000a6111110,0x00000000a9580000)
 Metaspace       used 78919K, capacity 81904K, committed 82688K, reserved 1120256K
  class space    used 10665K, capacity 11261K, committed 11520K, reserved 1048576K
Event: 43.557 GC heap after
Heap after GC invocations=44 (full 4):
 PSYoungGen      total 297472K, used 18932K [0x00000000e0000000, 0x00000000f4b80000, 0x0000000100000000)
  eden space 278528K, 0% used [0x00000000e0000000,0x00000000e0000000,0x00000000f1000000)
  from space 18944K, 99% used [0x00000000f2a80000,0x00000000f3cfd310,0x00000000f3d00000)
  to   space 27136K, 0% used [0x00000000f1000000,0x00000000f1000000,0x00000000f2a80000)
 ParOldGen       total 153088K, used 113327K [0x00000000a0000000, 0x00000000a9580000, 0x00000000e0000000)
  object space 153088K, 74% used [0x00000000a0000000,0x00000000a6eabfc0,0x00000000a9580000)
 Metaspace       used 78919K, capacity 81904K, committed 82688K, reserved 1120256K
  class space    used 10665K, capacity 11261K, committed 11520K, reserved 1048576K
}

