# JRE version: Java(TM) SE Runtime Environment (8.0_131-b11) (build 1.8.0_131-b11)
# Java VM: Java HotSpot(TM) 64-Bit Server VM (25.131-b11 mixed mode windows-amd64 compressed oops)
Heap:
 PSYoungGen      total 238080K, used 69964K [0x00000000e0000000, 0x00000000f0a00000, 0x0000000100000000)
  eden space 212992K, 32% used [0x00000000e0000000,0x00000000e4453388,0x00000000ed000000)
  from space 25088K, 0% used [0x00000000ef180000,0x00000000ef180000,0x00000000f0a00000)
  to   space 29696K, 0% used [0x00000000ed000000,0x00000000ed000000,0x00000000eed00000)
 ParOldGen       total 182272K, used 54912K [0x00000000a0000000, 0x00000000ab200000, 0x00000000e0000000)
  object space 182272K, 30% used [0x00000000a0000000,0x00000000a35a0370,0x00000000ab200000)
 Metaspace       used 93567K, capacity 98035K, committed 98988K, reserved 1134592K
  class space    used 12213K, capacity 13076K, committed 13312K, reserved 1048576K
GC Heap History (10 events):
Event: 894.379 GC heap before
{Heap before GC invocations=32 (full 3):
 PSYoungGen      total 188928K, used 178843K [0x00000000e0000000, 0x00000000ed880000, 0x0000000100000000)
  eden space 158208K, 100% used [0x00000000e0000000,0x00000000e9a80000,0x00000000e9a80000)
  from space 30720K, 67% used [0x00000000eb880000,0x00000000ecca6db8,0x00000000ed680000)
  to   space 30720K, 0% used [0x00000000e9a80000,0x00000000e9a80000,0x00000000eb880000)
 ParOldGen       total 134144K, used 70621K [0x00000000a0000000, 0x00000000a8300000, 0x00000000e0000000)
  object space 134144K, 52% used [0x00000000a0000000,0x00000000a44f7430,0x00000000a8300000)
 Metaspace       used 93012K, capacity 97908K, committed 98176K, reserved 1134592K
  class space    used 12222K, capacity 13138K, committed 13184K, reserved 1048576K
Event: 894.402 GC heap after
Heap after GC invocations=32 (full 3):
 PSYoungGen      total 188928K, used 23258K [0x00000000e0000000, 0x00000000ef100000, 0x0000000100000000)
  eden space 158208K, 0% used [0x00000000e0000000,0x00000000e0000000,0x00000000e9a80000)
  from space 30720K, 75% used [0x00000000e9a80000,0x00000000eb136be0,0x00000000eb880000)
  to   space 31744K, 0% used [0x00000000ed200000,0x00000000ed200000,0x00000000ef100000)
 ParOldGen       total 134144K, used 70629K [0x00000000a0000000, 0x00000000a8300000, 0x00000000e0000000)
  object space 134144K, 52% used [0x00000000a0000000,0x00000000a44f9430,0x00000000a8300000)
 Metaspace       used 93012K, capacity 97908K, committed 98176K, reserved 1134592K
  class space    used 12222K, capacity 13138K, committed 13184K, reserved 1048576K
}
Event: 894.945 GC heap before
{Heap before GC invocations=33 (full 3):
 PSYoungGen      total 188928K, used 181466K [0x00000000e0000000, 0x00000000ef100000, 0x0000000100000000)
  eden space 158208K, 100% used [0x00000000e0000000,0x00000000e9a80000,0x00000000e9a80000)
  from space 30720K, 75% used [0x00000000e9a80000,0x00000000eb136be0,0x00000000eb880000)
  to   space 31744K, 0% used [0x00000000ed200000,0x00000000ed200000,0x00000000ef100000)
 ParOldGen       total 134144K, used 70629K [0x00000000a0000000, 0x00000000a8300000, 0x00000000e0000000)
  object space 134144K, 52% used [0x00000000a0000000,0x00000000a44f9430,0x00000000a8300000)
 Metaspace       used 93153K, capacity 98062K, committed 98176K, reserved 1134592K
  class space    used 12233K, capacity 13143K, committed 13184K, reserved 1048576K
Event: 894.976 GC heap after
Heap after GC invocations=33 (full 3):
 PSYoungGen      total 215552K, used 18888K [0x00000000e0000000, 0x00000000ef400000, 0x0000000100000000)
  eden space 183808K, 0% used [0x00000000e0000000,0x00000000e0000000,0x00000000eb380000)
  from space 31744K, 59% used [0x00000000ed200000,0x00000000ee472208,0x00000000ef100000)
  to   space 31232K, 0% used [0x00000000eb380000,0x00000000eb380000,0x00000000ed200000)
 ParOldGen       total 134144K, used 72055K [0x00000000a0000000, 0x00000000a8300000, 0x00000000e0000000)
  object space 134144K, 53% used [0x00000000a0000000,0x00000000a465dc10,0x00000000a8300000)
 Metaspace       used 93153K, capacity 98062K, committed 98176K, reserved 1134592K
  class space    used 12233K, capacity 13143K, committed 13184K, reserved 1048576K
}
Event: 895.680 GC heap before
{Heap before GC invocations=34 (full 3):
 PSYoungGen      total 215552K, used 202696K [0x00000000e0000000, 0x00000000ef400000, 0x0000000100000000)
  eden space 183808K, 100% used [0x00000000e0000000,0x00000000eb380000,0x00000000eb380000)
  from space 31744K, 59% used [0x00000000ed200000,0x00000000ee472208,0x00000000ef100000)
  to   space 31232K, 0% used [0x00000000eb380000,0x00000000eb380000,0x00000000ed200000)
 ParOldGen       total 134144K, used 72055K [0x00000000a0000000, 0x00000000a8300000, 0x00000000e0000000)
  object space 134144K, 53% used [0x00000000a0000000,0x00000000a465dc10,0x00000000a8300000)
 Metaspace       used 93286K, capacity 98208K, committed 98348K, reserved 1134592K
  class space    used 12247K, capacity 13184K, committed 13184K, reserved 1048576K
Event: 895.696 GC heap after
Heap after GC invocations=34 (full 3):
 PSYoungGen      total 215040K, used 19296K [0x00000000e0000000, 0x00000000f0f80000, 0x0000000100000000)
  eden space 183808K, 0% used [0x00000000e0000000,0x00000000e0000000,0x00000000eb380000)
  from space 31232K, 61% used [0x00000000eb380000,0x00000000ec6580d0,0x00000000ed200000)
  to   space 30720K, 0% used [0x00000000ef180000,0x00000000ef180000,0x00000000f0f80000)
 ParOldGen       total 134144K, used 72111K [0x00000000a0000000, 0x00000000a8300000, 0x00000000e0000000)
  object space 134144K, 53% used [0x00000000a0000000,0x00000000a466bc10,0x00000000a8300000)
 Metaspace       used 93286K, capacity 98208K, committed 98348K, reserved 1134592K
  class space    used 12247K, capacity 13184K, committed 13184K, reserved 1048576K
}
Event: 900.146 GC heap before
{Heap before GC invocations=35 (full 3):
 PSYoungGen      total 215040K, used 129597K [0x00000000e0000000, 0x00000000f0f80000, 0x0000000100000000)
  eden space 183808K, 60% used [0x00000000e0000000,0x00000000e6bb7650,0x00000000eb380000)
  from space 31232K, 61% used [0x00000000eb380000,0x00000000ec6580d0,0x00000000ed200000)
  to   space 30720K, 0% used [0x00000000ef180000,0x00000000ef180000,0x00000000f0f80000)
 ParOldGen       total 134144K, used 72111K [0x00000000a0000000, 0x00000000a8300000, 0x00000000e0000000)
  object space 134144K, 53% used [0x00000000a0000000,0x00000000a466bc10,0x00000000a8300000)
 Metaspace       used 93425K, capacity 98337K, committed 98348K, reserved 1134592K
  class space    used 12254K, capacity 13184K, committed 13184K, reserved 1048576K
Event: 900.159 GC heap after
Heap after GC invocations=35 (full 3):
 PSYoungGen      total 238080K, used 14226K [0x00000000e0000000, 0x00000000f0a00000, 0x0000000100000000)
  eden space 212992K, 0% used [0x00000000e0000000,0x00000000e0000000,0x00000000ed000000)
  from space 25088K, 56% used [0x00000000ef180000,0x00000000eff64b58,0x00000000f0a00000)
  to   space 29696K, 0% used [0x00000000ed000000,0x00000000ed000000,0x00000000eed00000)
 ParOldGen       total 134144K, used 73929K [0x00000000a0000000, 0x00000000a8300000, 0x00000000e0000000)
  object space 134144K, 55% used [0x00000000a0000000,0x00000000a4832660,0x00000000a8300000)
 Metaspace       used 93425K, capacity 98337K, committed 98348K, reserved 1134592K
  class space    used 12254K, capacity 13184K, committed 13184K, reserved 1048576K
}
Event: 900.182 GC heap before
{Heap before GC invocations=36 (full 4):
 PSYoungGen      total 238080K, used 14226K [0x00000000e0000000, 0x00000000f0a00000, 0x0000000100000000)
  eden space 212992K, 0% used [0x00000000e0000000,0x00000000e0000000,0x00000000ed000000)
  from space 25088K, 56% used [0x00000000ef180000,0x00000000eff64b58,0x00000000f0a00000)
  to   space 29696K, 0% used [0x00000000ed000000,0x00000000ed000000,0x00000000eed00000)
 ParOldGen       total 134144K, used 73929K [0x00000000a0000000, 0x00000000a8300000, 0x00000000e0000000)
  object space 134144K, 55% used [0x00000000a0000000,0x00000000a4832660,0x00000000a8300000)
 Metaspace       used 93425K, capacity 98337K, committed 98348K, reserved 1134592K
  class space    used 12254K, capacity 13184K, committed 13184K, reserved 1048576K
Event: 901.143 GC heap after
Heap after GC invocations=36 (full 4):
 PSYoungGen      total 238080K, used 0K [0x00000000e0000000, 0x00000000f0a00000, 0x0000000100000000)
  eden space 212992K, 0% used [0x00000000e0000000,0x00000000e0000000,0x00000000ed000000)
  from space 25088K, 0% used [0x00000000ef180000,0x00000000ef180000,0x00000000f0a00000)
  to   space 29696K, 0% used [0x00000000ed000000,0x00000000ed000000,0x00000000eed00000)
 ParOldGen       total 182272K, used 54912K [0x00000000a0000000, 0x00000000ab200000, 0x00000000e0000000)
  object space 182272K, 30% used [0x00000000a0000000,0x00000000a35a0370,0x00000000ab200000)
 Metaspace       used 93175K, capacity 97675K, committed 98348K, reserved 1134592K
  class space    used 12170K, capacity 13041K, committed 13184K, reserved 1048576K
}

