# JRE version: Java(TM) SE Runtime Environment (8.0_131-b11) (build 1.8.0_131-b11)
# Java VM: Java HotSpot(TM) 64-Bit Server VM (25.131-b11 mixed mode windows-amd64 compressed oops)
Heap:
 PSYoungGen      total 167936K, used 98734K [0x00000000e0000000, 0x00000000ec380000, 0x0000000100000000)
  eden space 147456K, 55% used [0x00000000e0000000,0x00000000e4fc3dd0,0x00000000e9000000)
  from space 20480K, 83% used [0x00000000e9000000,0x00000000ea0a7b00,0x00000000ea400000)
  to   space 22016K, 0% used [0x00000000eae00000,0x00000000eae00000,0x00000000ec380000)
 ParOldGen       total 139264K, used 41194K [0x00000000a0000000, 0x00000000a8800000, 0x00000000e0000000)
  object space 139264K, 29% used [0x00000000a0000000,0x00000000a283a938,0x00000000a8800000)
 Metaspace       used 84900K, capacity 89434K, committed 89728K, reserved 1126400K
  class space    used 11589K, capacity 12368K, committed 12416K, reserved 1048576K
GC Heap History (10 events):
Event: 27.689 GC heap before
{Heap before GC invocations=18 (full 3):
 PSYoungGen      total 133120K, used 119808K [0x00000000e0000000, 0x00000000e9f00000, 0x0000000100000000)
  eden space 119808K, 100% used [0x00000000e0000000,0x00000000e7500000,0x00000000e7500000)
  from space 13312K, 0% used [0x00000000e8400000,0x00000000e8400000,0x00000000e9100000)
  to   space 15360K, 0% used [0x00000000e7500000,0x00000000e7500000,0x00000000e8400000)
 ParOldGen       total 139264K, used 34070K [0x00000000a0000000, 0x00000000a8800000, 0x00000000e0000000)
  object space 139264K, 24% used [0x00000000a0000000,0x00000000a2145900,0x00000000a8800000)
 Metaspace       used 61306K, capacity 63558K, committed 63872K, reserved 1103872K
  class space    used 8554K, capacity 9044K, committed 9088K, reserved 1048576K
Event: 27.712 GC heap after
Heap after GC invocations=18 (full 3):
 PSYoungGen      total 135168K, used 15329K [0x00000000e0000000, 0x00000000eaa00000, 0x0000000100000000)
  eden space 119808K, 0% used [0x00000000e0000000,0x00000000e0000000,0x00000000e7500000)
  from space 15360K, 99% used [0x00000000e7500000,0x00000000e83f8550,0x00000000e8400000)
  to   space 17408K, 0% used [0x00000000e9900000,0x00000000e9900000,0x00000000eaa00000)
 ParOldGen       total 139264K, used 34562K [0x00000000a0000000, 0x00000000a8800000, 0x00000000e0000000)
  object space 139264K, 24% used [0x00000000a0000000,0x00000000a21c08f8,0x00000000a8800000)
 Metaspace       used 61306K, capacity 63558K, committed 63872K, reserved 1103872K
  class space    used 8554K, capacity 9044K, committed 9088K, reserved 1048576K
}
Event: 33.854 GC heap before
{Heap before GC invocations=19 (full 3):
 PSYoungGen      total 135168K, used 134711K [0x00000000e0000000, 0x00000000eaa00000, 0x0000000100000000)
  eden space 119808K, 99% used [0x00000000e0000000,0x00000000e7495710,0x00000000e7500000)
  from space 15360K, 99% used [0x00000000e7500000,0x00000000e83f8550,0x00000000e8400000)
  to   space 17408K, 0% used [0x00000000e9900000,0x00000000e9900000,0x00000000eaa00000)
 ParOldGen       total 139264K, used 34562K [0x00000000a0000000, 0x00000000a8800000, 0x00000000e0000000)
  object space 139264K, 24% used [0x00000000a0000000,0x00000000a21c08f8,0x00000000a8800000)
 Metaspace       used 67249K, capacity 69644K, committed 69760K, reserved 1110016K
  class space    used 9304K, capacity 9839K, committed 9856K, reserved 1048576K
Event: 33.876 GC heap after
Heap after GC invocations=19 (full 3):
 PSYoungGen      total 153600K, used 11087K [0x00000000e0000000, 0x00000000ea900000, 0x0000000100000000)
  eden space 137216K, 0% used [0x00000000e0000000,0x00000000e0000000,0x00000000e8600000)
  from space 16384K, 67% used [0x00000000e9900000,0x00000000ea3d3e20,0x00000000ea900000)
  to   space 17920K, 0% used [0x00000000e8600000,0x00000000e8600000,0x00000000e9780000)
 ParOldGen       total 139264K, used 41170K [0x00000000a0000000, 0x00000000a8800000, 0x00000000e0000000)
  object space 139264K, 29% used [0x00000000a0000000,0x00000000a2834938,0x00000000a8800000)
 Metaspace       used 67249K, capacity 69644K, committed 69760K, reserved 1110016K
  class space    used 9304K, capacity 9839K, committed 9856K, reserved 1048576K
}
Event: 41.463 GC heap before
{Heap before GC invocations=20 (full 3):
 PSYoungGen      total 153600K, used 148303K [0x00000000e0000000, 0x00000000ea900000, 0x0000000100000000)
  eden space 137216K, 100% used [0x00000000e0000000,0x00000000e8600000,0x00000000e8600000)
  from space 16384K, 67% used [0x00000000e9900000,0x00000000ea3d3e20,0x00000000ea900000)
  to   space 17920K, 0% used [0x00000000e8600000,0x00000000e8600000,0x00000000e9780000)
 ParOldGen       total 139264K, used 41170K [0x00000000a0000000, 0x00000000a8800000, 0x00000000e0000000)
  object space 139264K, 29% used [0x00000000a0000000,0x00000000a2834938,0x00000000a8800000)
 Metaspace       used 75986K, capacity 79858K, committed 80000K, reserved 1118208K
  class space    used 10593K, capacity 11302K, committed 11392K, reserved 1048576K
Event: 41.488 GC heap after
Heap after GC invocations=20 (full 3):
 PSYoungGen      total 155136K, used 15325K [0x00000000e0000000, 0x00000000eb780000, 0x0000000100000000)
  eden space 137216K, 0% used [0x00000000e0000000,0x00000000e0000000,0x00000000e8600000)
  from space 17920K, 85% used [0x00000000e8600000,0x00000000e94f7650,0x00000000e9780000)
  to   space 19456K, 0% used [0x00000000ea480000,0x00000000ea480000,0x00000000eb780000)
 ParOldGen       total 139264K, used 41178K [0x00000000a0000000, 0x00000000a8800000, 0x00000000e0000000)
  object space 139264K, 29% used [0x00000000a0000000,0x00000000a2836938,0x00000000a8800000)
 Metaspace       used 75986K, capacity 79858K, committed 80000K, reserved 1118208K
  class space    used 10593K, capacity 11302K, committed 11392K, reserved 1048576K
}
Event: 46.742 GC heap before
{Heap before GC invocations=21 (full 3):
 PSYoungGen      total 155136K, used 152541K [0x00000000e0000000, 0x00000000eb780000, 0x0000000100000000)
  eden space 137216K, 100% used [0x00000000e0000000,0x00000000e8600000,0x00000000e8600000)
  from space 17920K, 85% used [0x00000000e8600000,0x00000000e94f7650,0x00000000e9780000)
  to   space 19456K, 0% used [0x00000000ea480000,0x00000000ea480000,0x00000000eb780000)
 ParOldGen       total 139264K, used 41178K [0x00000000a0000000, 0x00000000a8800000, 0x00000000e0000000)
  object space 139264K, 29% used [0x00000000a0000000,0x00000000a2836938,0x00000000a8800000)
 Metaspace       used 78628K, capacity 82842K, committed 82944K, reserved 1120256K
  class space    used 10969K, capacity 11732K, committed 11776K, reserved 1048576K
Event: 46.755 GC heap after
Heap after GC invocations=21 (full 3):
 PSYoungGen      total 166912K, used 14917K [0x00000000e0000000, 0x00000000eb800000, 0x0000000100000000)
  eden space 147456K, 0% used [0x00000000e0000000,0x00000000e0000000,0x00000000e9000000)
  from space 19456K, 76% used [0x00000000ea480000,0x00000000eb311408,0x00000000eb780000)
  to   space 20480K, 0% used [0x00000000e9000000,0x00000000e9000000,0x00000000ea400000)
 ParOldGen       total 139264K, used 41186K [0x00000000a0000000, 0x00000000a8800000, 0x00000000e0000000)
  object space 139264K, 29% used [0x00000000a0000000,0x00000000a2838938,0x00000000a8800000)
 Metaspace       used 78628K, capacity 82842K, committed 82944K, reserved 1120256K
  class space    used 10969K, capacity 11732K, committed 11776K, reserved 1048576K
}
Event: 262.585 GC heap before
{Heap before GC invocations=22 (full 3):
 PSYoungGen      total 166912K, used 162373K [0x00000000e0000000, 0x00000000eb800000, 0x0000000100000000)
  eden space 147456K, 100% used [0x00000000e0000000,0x00000000e9000000,0x00000000e9000000)
  from space 19456K, 76% used [0x00000000ea480000,0x00000000eb311408,0x00000000eb780000)
  to   space 20480K, 0% used [0x00000000e9000000,0x00000000e9000000,0x00000000ea400000)
 ParOldGen       total 139264K, used 41186K [0x00000000a0000000, 0x00000000a8800000, 0x00000000e0000000)
  object space 139264K, 29% used [0x00000000a0000000,0x00000000a2838938,0x00000000a8800000)
 Metaspace       used 84408K, capacity 88868K, committed 88960K, reserved 1126400K
  class space    used 11577K, capacity 12351K, committed 12416K, reserved 1048576K
Event: 262.609 GC heap after
Heap after GC invocations=22 (full 3):
 PSYoungGen      total 167936K, used 17054K [0x00000000e0000000, 0x00000000ec380000, 0x0000000100000000)
  eden space 147456K, 0% used [0x00000000e0000000,0x00000000e0000000,0x00000000e9000000)
  from space 20480K, 83% used [0x00000000e9000000,0x00000000ea0a7b00,0x00000000ea400000)
  to   space 22016K, 0% used [0x00000000eae00000,0x00000000eae00000,0x00000000ec380000)
 ParOldGen       total 139264K, used 41194K [0x00000000a0000000, 0x00000000a8800000, 0x00000000e0000000)
  object space 139264K, 29% used [0x00000000a0000000,0x00000000a283a938,0x00000000a8800000)
 Metaspace       used 84408K, capacity 88868K, committed 88960K, reserved 1126400K
  class space    used 11577K, capacity 12351K, committed 12416K, reserved 1048576K
}

